GAS LISTING src/asm/boot/asmhead.s 			page 1


   1              	.text
   2              	.code16
   3              	
   4              	.set BOTPAK, 0x00280000 # load destination of bootpack
   5              	.set DSKCAC, 0x00100000 # place of disk cache
   6              	.set DSKCAC0, 0x00008000 # place of disk cache(real mode)
   7              	
   8              	# BOOT_INFO
   9              	.set CYLS, 0x0ff0
  10              	.set LEDS, 0x0ff1
  11              	.set VMODE, 0x0ff2 #n bit color
  12              	.set SCRNX, 0x0ff4 #display resolution X
  13              	.set SCRNY, 0x0ff6 #display resolution Y
  14              	.set VRAM, 0x0ff8 # head address of video memory
  15              	
  16              	    # set video mode
  17 0000 B013     	    movb $0x13, %al # vga graphics 320x200 32bit color
  18 0002 B400     	    movb $0x00, %ah
  19 0004 CD10     	    int $0x10
  20              	
  21              	    # save screen information
  22 0006 C606F20F 	    movb $8, (VMODE)
  22      08
  23 000b C706F40F 	    movw $320, (SCRNX)
  23      4001
  24 0011 C706F60F 	    movw $200, (SCRNY)
  24      C800
  25 0017 66C706F8 	    movl $0x000a0000, (VRAM)
  25      0F00000A 
  25      00
  26              	
  27              	    # get keyboard led status from BIOS
  28 0020 B402     	    movb $0x02, %ah
  29 0022 CD16     	    int $0x16
  30 0024 A2F10F   	    movb %al, (LEDS)
  31              	
  32              	
  33              	    #PICãŒå‰²ã‚Šè¾¼ã¿ã‚’å—ã‘ä»˜ã‘ãªã„ã‚ˆã†ã«ã™ã‚‹
  34              	    #ã‚ˆãã‚ã‹ã‚‰ãªã„ã‘ã©ATäº’æ›æ©Ÿã®ä»•æ§˜ã§ã¯ã€PICã®åˆæœŸåŒ–ã‚’ã™ã‚‹å ´åˆCLIå‰ã
  35              	    #
  36              	    #io_out8(PIC0_IMR, 0xff)
  37              	    #io_out8(PIC0_IMR, 0xff)
  38              	    #ã‚’ã‚„ã£ã¦ã„ã‚‹ã®ã¨åŒã˜ï¼ˆIMRã«0xffã‚’é€ã‚‹ã¨ä¿¡å·ãŒæ¥ã¦ã‚‚ãƒã‚¹ã‚¯ã•ã‚Œã¦ç„¡
  39 0027 B0FF     	    movb $0xff, %al
  40 0029 E621     	    outb %al, $0x21
  41 002b 90       	    nop #outå‘½ä»¤ã‚’é€£ç¶šã•ã›ã‚‹ã¨ã†ã¾ãã„ã‹ãªã„æ©Ÿç¨®ãŒã‚ã‚‹ï¼Ÿã‚‰ã—ã„
  42 002c E6A1     	    outb %al, $0xa1
  43              	
  44 002e FA       	    cli #CPUãƒ¬ãƒ™ãƒ«ã§ã®å‰²ã‚Šè¾¼ã¿ç¦æ­¢
  45              	
  46              	    # A20GATEã‚’è¨­å®š(ãƒ¡ãƒ¢ãƒªã‚’1MBã¾ã§ã‚¢ã‚¯ã‚»ã‚¹ã§ãã‚‹ã‚ˆã†ã«ã™ã‚‹)
  47 002f E8B500   	    call waitkbdout
  48 0032 B0D1     	    movb $0xd1, %al
  49 0034 E664     	    outb %al, $0x64
  50 0036 E8AE00   	    call waitkbdout
  51 0039 B0DF     	    movb $0xdf, %al #enable A20
  52 003b E660     	    outb %al, $0x60
GAS LISTING src/asm/boot/asmhead.s 			page 2


  53 003d E8A700   	    call waitkbdout
  54              	
  55              	
  56              	#protect mode
  57              	
  58              	.arch i486
  59              	
  60 0040 0F01162A 	    lgdt (GDTR0) #æš«å®šGDT
  60      01
  61              	    #ã“ã“ã‹ã‚‰ãƒ—ãƒ­ãƒ†ã‚¯ãƒˆãƒ¢ãƒ¼ãƒ‰ã«å…¥ã‚‹ãŸã‚ã®å‡¦ç†
  62 0045 0F20C0   	    movl %cr0, %eax
  63 0048 6625FFFF 	    andl $0x7fffffff, %eax
  63      FF7F
  64 004e 6683C801 	    orl $0x00000001, %eax
  65 0052 0F22C0   	    movl %eax, %cr0 #ãƒšãƒ¼ã‚¸ãƒ³ã‚°ã‚’ä½¿ç”¨ã—ãªã„ãƒ—ãƒ­ãƒ†ã‚¯ãƒˆãƒ¢ãƒ¼ãƒ‰(CR0ã®æœ€ä¸Šä½bitã‚
  66 0055 EB00     	    jmp pipelineflush
  67              	pipelineflush:
  68 0057 B80800   	    movw $1*8, %ax
  69 005a 8ED8     	    movw %ax, %ds
  70 005c 8EC0     	    movw %ax, %es
  71 005e 8EE0     	    movw %ax, %fs
  72 0060 8EE8     	    movw %ax, %gs
  73 0062 8ED0     	    movw %ax, %ss
  74              	    #csãƒ¬ã‚¸ã‚¹ã‚¿ã¯å¾Œå›ã—
  75              	    #ãã‚Œä»¥å¤–ã¯0x0008ã«æƒãˆã‚‹(GDT + 1)
  76              	
  77              	#bootpackè»¢é€
  78 0064 66BE3001 	movl $bootpack, %esi #source (ã“ã®asmheadã®å¾Œã‚ã«bootpackã®ãƒã‚¤ãƒŠãƒªã‚’ãã£ã¤ã‘ã‚‹ã®
  78      0000
  79 006a 66BF0000 	movl $BOTPAK, %edi #destination
  79      2800
  80 0070 66B90000 	movl $512*1024/4, %ecx #memcpyã®ã‚µã‚¤ã‚ºã¯double word(4byte=32bit)å˜ä½ãªã®ã§ã€ã‚³ãƒ”ãƒ¼ã™
  80      0200
  81 0076 E87500   	call memcpy
  82              	
  83              	
  84              	#ãƒ‡ã‚£ã‚¹ã‚¯ãƒ‡ãƒ¼ã‚¿ã‚’æœ¬æ¥ã®ä½ç½®ã¸è»¢é€
  85              	
  86              	#ãƒ–ãƒ¼ãƒˆã‚»ã‚¯ã‚¿
  87 0079 66BE007C 	movl $0x7c00, %esi #è»¢é€å…ƒ
  87      0000
  88 007f 66BF0000 	movl $DSKCAC, %edi #è»¢é€å…ˆ
  88      1000
  89 0085 66B98000 	movl $512/4, %ecx
  89      0000
  90 008b E86000   	call memcpy
  91              	
  92              	#æ®‹ã‚Šå…¨éƒ¨
  93 008e 66BE0082 	movl $DSKCAC0+512, %esi #source
  93      0000
  94 0094 66BF0002 	movl $DSKCAC+512, %edi #destination
  94      1000
  95 009a 66B90000 	movl $0, %ecx
  95      0000
  96 00a0 8A0EF00F 	movb (CYLS), %cl
  97 00a4 6669C900 	imull $512*18*2/4, %ecx #ã‚·ãƒªãƒ³ãƒ€æ•°ã‹ã‚‰ãƒã‚¤ãƒˆæ•°/4ã«å¤‰æ›
  97      120000
GAS LISTING src/asm/boot/asmhead.s 			page 3


  98 00ab 6681E980 	sub $512/4, %ecx #ãƒ–ãƒ¼ãƒˆã‚»ã‚¯ã‚¿åˆ†ã‚’å¼•ã
  98      000000
  99 00b2 E83900   	call memcpy
 100              	
 101              	#bootpackèµ·å‹•
 102 00b5 66BB0000 	movl $BOTPAK, %ebx
 102      2800
 103 00bb 67668B4B 	movl 16(%ebx), %ecx #ãƒ‡ãƒ¼ã‚¿ã‚»ã‚¯ã‚·ãƒ§ãƒ³ã®ã‚µã‚¤ã‚º
 103      10
 104 00c0 6683C103 	add $3, %ecx #ECX+=3
 105 00c4 66C1E902 	SHR $2, %ecx #ECX/=4
 106 00c8 7410     	jz skip #è»¢é€ã™ã‚‹ã¹ãã‚‚ã®ãŒãªã„
 107 00ca 67668B73 	movl 20(%ebx), %esi #è»¢é€å…ƒ
 107      14
 108 00cf 6601DE   	add %ebx, %esi
 109 00d2 67668B7B 	movl 12(%ebx), %edi #è»¢é€å…ˆ
 109      0C
 110 00d7 E81400   	call memcpy
 111              	
 112              	
 113              	skip:
 114 00da 67668B63 	    mov 12(%ebx), %esp #ã‚¹ã‚¿ãƒƒã‚¯åˆæœŸåŒ–
 114      0C
 115              	    
 116              	    #ç‰¹æ®Šãªjmpå‘½ä»¤
 117              	    #CSã«2*8ãŒä»£å…¥ã•ã‚Œã‚‹
 118              	    #2ç•ªç›®ã®ã‚»ã‚°ãƒ¡ãƒ³ãƒˆã®0x1bç•ªåœ°ã«jmpã™ã‚‹
 119              	    #å®Ÿéš›ã«ã¯0x28001bç•ªåœ°(GDTã§è¨­å®šã—ãŸé€šã‚Š)ã€ã“ã‚Œã¯bootpackã®0x1b(=27byteç›®)ç•ª
 120              	    #jmpå…ˆã®ãƒ‡ãƒ¼ã‚¿ã¯E9(JMP)ã§ã€bootpackã®ã‚¨ãƒ³ãƒˆãƒªãƒã‚¤ãƒ³ãƒˆã«jmpã™ã‚‹ï¼ˆã‚‰ã—ã„ï
 121              	    #å®Œå…¨ã«ç†è§£ã—ãŸï¼ˆã‚ã‹ã£ã¦ãªã„ï¼‰
 122 00df 66EA1B00 	    ljmpl $2*8, $0x0000001b
 122      00001000 
 123              	    
 124              	#ã‚­ãƒ¼ãƒœãƒ¼ãƒ‰ã®å‡¦ç†ãŒçµ‚ã‚ã‚‹ã®ã‚’å¾…ã¤
 125              	waitkbdout:
 126 00e7 E464     	    inb $0x64, %al
 127 00e9 2402     	    andb $0x02, %al
 128              	    #inb $0x60, %al #ã„ã‚‰ãªã„ï¼Ÿï¼Ÿ
 129 00eb 75FA     	    jnz waitkbdout
 130 00ed C3       	    ret
 131              	
 132              	#ãƒ‡ãƒ¼ã‚¿ã®ã‚³ãƒ”ãƒ¼
 133              	#esiã®ã‚¢ãƒ‰ãƒ¬ã‚¹ã‹ã‚‰ediã®ã‚¢ãƒ‰ãƒ¬ã‚¹ã«ã‚³ãƒ”ãƒ¼ 4byteãšã¤ecxå›ã‚³ãƒ”ãƒ¼
 134              	memcpy:
 135 00ee 67668B06 	    movl (%esi), %eax
 136 00f2 6683C604 	    add $4, %esi
 137 00f6 67668907 	    movl %eax, (%edi)
 138 00fa 6683C704 	    add $4, %edi
 139 00fe 6683E901 	    sub $1, %ecx
 140 0102 75EA     	    jnz memcpy #å¼•ãç®—çµæœãŒ0ã§ãªã‘ã‚Œã°memcpyã¸
 141 0104 C3       	    ret
 142              	
 143              	#16byteã‚¢ãƒ©ã‚¤ãƒ³ãƒ¡ãƒ³ãƒˆ(GDT0ãƒ©ãƒ™ãƒ«ãŒ8ã®å€æ•°ã«ãªã£ã¦ãªã„ã¨ãƒ‘ãƒ•ã‚©ãƒ¼ãƒãƒ³ã‚¹ã
 144 0105 EB099090 	.align 16
 144      90909090 
 144      909090
 145              	GDT0: 
GAS LISTING src/asm/boot/asmhead.s 			page 4


 146              	    #bootpacckã‚’å‹•ã‹ã™ãŸã‚ã®ä»®ã®GDT
 147              	    #ä»¥ä¸‹ã§è¨­å®šã•ã‚Œã‚‹ã‚‚ã®ã¨åŒã˜
 148              	    #set_segmdesc(gdt+1, 0xffffffff, 0x00000000, AR_DATA32_RW) èª­ã¿æ›¸ãå¯èƒ½
 149              	    #set_segmdesc(gdt+2, LIMIT_BOTPAK, ADR_BOTPACK, AR_CODE32_ER) å®Ÿè¡Œå¯èƒ½(bootpackç”¨)
 150 0110 00000000 	    .skip 8, 0x00
 150      00000000 
 151 0118 FFFF0000 	    .word 0xffff, 0x0000, 0x9200, 0x00cf
 151      0092CF00 
 152 0120 FFFF0000 	    .word 0xffff, 0x0000, 0x9a28, 0x0047
 152      289A4700 
 153 0128 0000     	    .word 0x0000
 154              	
 155              	GDTR0:
 156 012a 1700     	    .word 8*3-1
 157 012c 10010000 	    .long GDT0
 158              	
 159              	bootpack:
GAS LISTING src/asm/boot/asmhead.s 			page 5


DEFINED SYMBOLS
src/asm/boot/asmhead.s:4      *ABS*:0000000000280000 BOTPAK
src/asm/boot/asmhead.s:5      *ABS*:0000000000100000 DSKCAC
src/asm/boot/asmhead.s:6      *ABS*:0000000000008000 DSKCAC0
src/asm/boot/asmhead.s:9      *ABS*:0000000000000ff0 CYLS
src/asm/boot/asmhead.s:10     *ABS*:0000000000000ff1 LEDS
src/asm/boot/asmhead.s:11     *ABS*:0000000000000ff2 VMODE
src/asm/boot/asmhead.s:12     *ABS*:0000000000000ff4 SCRNX
src/asm/boot/asmhead.s:13     *ABS*:0000000000000ff6 SCRNY
src/asm/boot/asmhead.s:14     *ABS*:0000000000000ff8 VRAM
src/asm/boot/asmhead.s:125    .text:00000000000000e7 waitkbdout
src/asm/boot/asmhead.s:155    .text:000000000000012a GDTR0
src/asm/boot/asmhead.s:67     .text:0000000000000057 pipelineflush
src/asm/boot/asmhead.s:159    .text:0000000000000130 bootpack
src/asm/boot/asmhead.s:134    .text:00000000000000ee memcpy
src/asm/boot/asmhead.s:113    .text:00000000000000da skip
src/asm/boot/asmhead.s:145    .text:0000000000000110 GDT0

NO UNDEFINED SYMBOLS
