     1                                  ; nasmfunc.asm
     2                                  ; TAB=4
     3                                  
     4                                  section .text
     5                                          GLOBAL  io_hlt, io_cli, io_sti, io_stihlt
     6                                          global  io_in8, io_in16, io_in32
     7                                          global  io_out8, io_out16, io_out32
     8                                          global  io_load_eflags, io_store_eflags
     9                                  
    10                                  io_hlt:             ; void io_hlt(void);
    11 00000000 F4                              HLT
    12 00000001 C3                              RET
    13                                  
    14                                  io_cli:     ; void io_cli(void);
    15 00000002 FA                              cli
    16 00000003 C3                              ret
    17                                  
    18                                  io_sti:     ; void io_sti(void);
    19 00000004 FB                              sti
    20 00000005 C3                              ret
    21                                  
    22                                  io_stihlt:      ; void io_stihlt(void);
    23 00000006 FB                              sti
    24 00000007 F4                              hlt
    25 00000008 C3                              ret
    26                                  
    27                                  io_in8:     ; int io_in8(int port);
    28 00000009 8B542404                        mov     edx, [esp + 4]      ; port
    29 0000000D B800000000                      mov     eax, 0
    30 00000012 EC                              in      al, dx              ; 8
    31 00000013 C3                              ret
    32                                  
    33                                  io_in16:        ; int io_in16(int port);
    34 00000014 8B542404                        mov     edx, [esp + 4]      ; port
    35 00000018 B800000000                      mov     eax, 0
    36 0000001D 66ED                            in      ax, dx              ; 16
    37 0000001F C3                              ret
    38                                  
    39                                  in_in32:        ; int io_in16(int port);
    40 00000020 8B542404                        mov     edx, [esp + 4]      ; port
    41 00000024 ED                              in      eax, dx             ; 32
    42 00000025 C3                              ret
    43                                  
    44                                  io_out8:        ; void io_to_in_out8;
    45 00000026 8B542404                        mov     edx, [esp + 4]      ; port
    46 0000002A 8A442408                        mov     al, [esp + 8]       ; data
    47 0000002E EE                              out     dx, al              ; 8
    48 0000002F C3                              ret
    49                                  
    50                                  io_out16:       ; void io_to_in_out16;
    51 00000030 8B542404                        mov     edx, [esp + 4]      ; port
    52 00000034 8B442408                        mov     eax, [esp + 8]      ; data
    53 00000038 66EF                            out     dx, ax              ; 16
    54 0000003A C3                              ret
    55                                  
    56                                  io_out32:       ; void io_to_in_out32;
    57 0000003B 8B542404                        mov     edx, [esp + 4]      ; port
    58 0000003F 8B442408                        mov     eax, [esp + 8]      ; data
    59 00000043 EF                              out     dx, eax             ; 32
    60 00000044 C3                              ret
    61                                  
    62                                  io_load_eflags:     ; int io_load_eflags(void);
    63 00000045 9C                              pushfd      ; push eflags double-word
    64 00000046 58                              pop     eax
    65 00000047 C3                              ret
    66                                  
    67                                  io_store_eflags:        ; void io_store_eflags(int eflags);
    68 00000048 8B442404                        mov     eax, [esp + 4]
    69 0000004C 50                              push    eax
    70 0000004D 9D                              popfd       ; pup eflags double-word
    71 0000004E C3                              ret
    72                                  
